<?xml version="1.0" encoding="UTF-8"?>
<!-- Generated by org.testng.reporters.JUnitXMLReporter -->
<testsuite ignored="0" hostname="LAPTOP-F60N0IOQ" failures="0" tests="6" name="Default test" time="53.474" errors="0" timestamp="2023-07-20T11:48:55 IST">
  <testcase classname="com.ecommerce.test.ParalellTest" name="f1" time="0.066"/>
  <testcase classname="com.ecommerce.test.ParalellTest" name="f2" time="0.001"/>
  <testcase classname="com.ecommerce.test.ParalellTest" name="facebookAccCreation" time="18.769"/>
  <testcase classname="com.ecommerce.test.ParalellTest" name="googleWebsiteTitle" time="4.874"/>
  <testcase classname="com.ecommerce.test.ParalellTest" name="googleAccCreation" time="7.417"/>
  <testcase classname="com.ecommerce.test.ParalellTest" name="googleAccCreation" time="0.966"/>
</testsuite> <!-- Default test -->
